[NX v21.6.5 Daemon Server] - 2025-10-22T06:40:43.071Z - Started listening on: /private/var/folders/t3/t2gm2m0s2pjf20h0fp56k94w0000gn/T/c4824fd9faedc49a1ddb/d.sock
[NX v21.6.5 Daemon Server] - 2025-10-22T06:40:43.100Z - [WATCHER]: Subscribed to changes within: /Users/alexneacsu/Projects/GeniusERP/GeniusERP_V_5 (native)
[NX v21.6.5 Daemon Server] - 2025-10-22T06:40:43.113Z - Established a connection. Number of open connections: 1
[NX v21.6.5 Daemon Server] - 2025-10-22T06:40:43.128Z - Established a connection. Number of open connections: 2
[NX v21.6.5 Daemon Server] - 2025-10-22T06:40:43.143Z - Closed a connection. Number of open connections: 1
[NX v21.6.5 Daemon Server] - 2025-10-22T06:40:43.255Z - [REQUEST]: Client Request for Project Graph Received
[NX v21.6.5 Daemon Server] - 2025-10-22T06:40:43.341Z - Time taken for 'loadSpecifiedNxPlugins' 3.0154979999999796ms
Time for 'plugin worker 57170 code loading' 9.280867999999998
Time for 'plugin worker 57171 code loading' 80.20263399999999
Time for 'plugin worker 57172 code loading' 16.165593
[NX v21.6.5 Daemon Server] - 2025-10-22T06:40:45.757Z - Time taken for 'Load Nx Plugin: /Users/alexneacsu/Projects/GeniusERP/GeniusERP_V_5/node_modules/nx/src/plugins/package-json' 2498.1610549999996ms
[NX v21.6.5 Daemon Server] - 2025-10-22T06:40:45.841Z - Time taken for 'Load Nx Plugin: /Users/alexneacsu/Projects/GeniusERP/GeniusERP_V_5/node_modules/nx/src/plugins/project-json/build-nodes/project-json' 2581.5321599999997ms
[NX v21.6.5 Daemon Server] - 2025-10-22T06:40:45.940Z - [REQUEST]: Updated workspace context based on watched changes, recomputing project graph...
[NX v21.6.5 Daemon Server] - 2025-10-22T06:40:45.940Z - [REQUEST]: 
[NX v21.6.5 Daemon Server] - 2025-10-22T06:40:45.940Z - [REQUEST]: 
[NX v21.6.5 Daemon Server] - 2025-10-22T06:40:46.156Z - No files changed, but no in-memory cached project graph found. Recomputing it...
[NX v21.6.5 Daemon Server] - 2025-10-22T06:40:46.165Z - Time taken for 'loadDefaultNxPlugins' 2681.5136ms
Time for 'nx/core/package-json:createNodes' 1.3124860000000353
Time for 'nx/core/project-json:createNodes' 2.2018460000001596
Time for 'nx/js/dependencies-and-lockfile:createNodes' 152.98327999999992
[NX v21.6.5 Daemon Server] - 2025-10-22T06:40:46.580Z - Time taken for 'build-project-configs' 216.39314000000013ms
Time for 'build typescript dependencies' 11.659163000000262
[NX v21.6.5 Daemon Server] - 2025-10-22T06:40:47.360Z - Wrote project graph cache to /Users/alexneacsu/Projects/GeniusERP/GeniusERP_V_5/.nx/workspace-data/project-graph.json
[NX v21.6.5 Daemon Server] - 2025-10-22T06:40:47.361Z - [SYNC]: collect registered sync generators
[NX v21.6.5 Daemon Server] - 2025-10-22T06:40:47.362Z - [REQUEST]: Responding to the client. project-graph
[NX v21.6.5 Daemon Server] - 2025-10-22T06:40:47.365Z - Time taken for 'total for creating and serializing project graph' 4106.709734ms
[NX v21.6.5 Daemon Server] - 2025-10-22T06:40:47.384Z - Done responding to the client project-graph
[NX v21.6.5 Daemon Server] - 2025-10-22T06:40:47.384Z - Handled REQUEST_PROJECT_GRAPH. Handling time: 4108. Response time: 22.
[NX v21.6.5 Daemon Server] - 2025-10-22T06:40:48.965Z - Closed a connection. Number of open connections: 0
[NX v21.6.5 Daemon Server] - 2025-10-22T06:41:21.806Z - Established a connection. Number of open connections: 1
[NX v21.6.5 Daemon Server] - 2025-10-22T06:41:21.806Z - Closed a connection. Number of open connections: 0
[NX v21.6.5 Daemon Server] - 2025-10-22T06:41:21.809Z - Established a connection. Number of open connections: 1
[NX v21.6.5 Daemon Server] - 2025-10-22T06:41:21.810Z - [REQUEST]: Client Request for Project Graph Received
[NX v21.6.5 Daemon Server] - 2025-10-22T06:41:21.810Z - Reusing in-memory cached project graph because no files changed.
[NX v21.6.5 Daemon Server] - 2025-10-22T06:41:21.810Z - [REQUEST]: Responding to the client. project-graph
[NX v21.6.5 Daemon Server] - 2025-10-22T06:41:21.813Z - Time taken for 'total for creating and serializing project graph' 0.4217419999986305ms
[NX v21.6.5 Daemon Server] - 2025-10-22T06:41:22.108Z - Done responding to the client project-graph
[NX v21.6.5 Daemon Server] - 2025-10-22T06:41:22.108Z - Handled REQUEST_PROJECT_GRAPH. Handling time: 0. Response time: 298.
[NX v21.6.5 Daemon Server] - 2025-10-22T06:41:39.945Z - [REQUEST]: Client Request for Project Graph Received
[NX v21.6.5 Daemon Server] - 2025-10-22T06:41:39.946Z - Reusing in-memory cached project graph because no files changed.
[NX v21.6.5 Daemon Server] - 2025-10-22T06:41:39.946Z - [REQUEST]: Responding to the client. project-graph
[NX v21.6.5 Daemon Server] - 2025-10-22T06:41:39.948Z - Time taken for 'total for creating and serializing project graph' 1.3819500000026892ms
[NX v21.6.5 Daemon Server] - 2025-10-22T06:41:39.955Z - Done responding to the client project-graph
[NX v21.6.5 Daemon Server] - 2025-10-22T06:41:39.956Z - Handled REQUEST_PROJECT_GRAPH. Handling time: 1. Response time: 10.
[NX v21.6.5 Daemon Server] - 2025-10-22T06:41:39.972Z - [REQUEST]: Client Request for Project Graph Received
[NX v21.6.5 Daemon Server] - 2025-10-22T06:41:39.972Z - Reusing in-memory cached project graph because no files changed.
[NX v21.6.5 Daemon Server] - 2025-10-22T06:41:39.972Z - [REQUEST]: Responding to the client. project-graph
[NX v21.6.5 Daemon Server] - 2025-10-22T06:41:39.975Z - Time taken for 'total for creating and serializing project graph' 0.5229899999976624ms
[NX v21.6.5 Daemon Server] - 2025-10-22T06:41:39.999Z - Done responding to the client project-graph
[NX v21.6.5 Daemon Server] - 2025-10-22T06:41:39.999Z - Handled REQUEST_PROJECT_GRAPH. Handling time: 0. Response time: 27.
[NX v21.6.5 Daemon Server] - 2025-10-22T06:41:40.002Z - [WATCHER]: Processing file changes in outputs
[NX v21.6.5 Daemon Server] - 2025-10-22T06:41:40.022Z - [WATCHER]: 0 file(s) created or restored, 5 file(s) modified, 0 file(s) deleted
[NX v21.6.5 Daemon Server] - 2025-10-22T06:41:40.143Z - [REQUEST]: Updated workspace context based on watched changes, recomputing project graph...
[NX v21.6.5 Daemon Server] - 2025-10-22T06:41:40.143Z - [REQUEST]: static/styles.css,static/styles.js,static/environment.js,static/main.js,static/runtime.js
[NX v21.6.5 Daemon Server] - 2025-10-22T06:41:40.143Z - [REQUEST]: 
Time for 'nx/core/package-json:createNodes' 0.5467090000020107
Time for 'nx/core/project-json:createNodes' 1.1566689999963273
[NX v21.6.5 Daemon Server] - 2025-10-22T06:41:40.249Z - Time taken for 'hash changed files from watcher' 18.930795000000217ms
Time for 'nx/js/dependencies-and-lockfile:createNodes' 22.691961999997147
[NX v21.6.5 Daemon Server] - 2025-10-22T06:41:40.455Z - Time taken for 'build-project-configs' 46.76704400000017ms
[NX v21.6.5 Daemon Server] - 2025-10-22T06:41:40.708Z - [REQUEST]: Responding to the client. handleContextFileData
[NX v21.6.5 Daemon Server] - 2025-10-22T06:41:40.738Z - Done responding to the client handleContextFileData
[NX v21.6.5 Daemon Server] - 2025-10-22T06:41:40.738Z - Handled GET_CONTEXT_FILE_DATA. Handling time: 2. Response time: 30.
Time for 'build typescript dependencies' 0.8941709999999148
[NX v21.6.5 Daemon Server] - 2025-10-22T06:41:40.985Z - Wrote project graph cache to /Users/alexneacsu/Projects/GeniusERP/GeniusERP_V_5/.nx/workspace-data/project-graph.json
[NX v21.6.5 Daemon Server] - 2025-10-22T06:41:40.985Z - [SYNC]: collect registered sync generators
[NX v21.6.5 Daemon Server] - 2025-10-22T06:41:40.987Z - [SYNC]: project graph hash is the same, not collecting task sync generators
[NX v21.6.5 Daemon Server] - 2025-10-22T06:41:40.987Z - [SYNC]: nx.json hash is the same, not collecting global sync generators
[NX v21.6.5 Daemon Server] - 2025-10-22T06:41:40.989Z - Time taken for 'total execution time for createProjectGraph()' 481.3456550000046ms
[NX v21.6.5 Daemon Server] - 2025-10-22T06:41:41.405Z - Closed a connection. Number of open connections: 0
[NX v21.6.5 Daemon Server] - 2025-10-22T06:41:41.423Z - [WATCHER]: 1 file(s) created or restored, 1 file(s) modified, 0 file(s) deleted
[NX v21.6.5 Daemon Server] - 2025-10-22T06:41:41.423Z - [WATCHER]: Processing file changes in outputs
[NX v21.6.5 Daemon Server] - 2025-10-22T06:41:41.535Z - [REQUEST]: Updated workspace context based on watched changes, recomputing project graph...
[NX v21.6.5 Daemon Server] - 2025-10-22T06:41:41.535Z - [REQUEST]: nx-graph.html,static/environment.js
[NX v21.6.5 Daemon Server] - 2025-10-22T06:41:41.535Z - [REQUEST]: 
Time for 'nx/core/package-json:createNodes' 0.44701200000417884
[NX v21.6.5 Daemon Server] - 2025-10-22T06:41:41.815Z - Time taken for 'hash changed files from watcher' 9.29016799999954ms
Time for 'nx/core/project-json:createNodes' 1.0576560000044992
Time for 'nx/js/dependencies-and-lockfile:createNodes' 13.097078999999212
[NX v21.6.5 Daemon Server] - 2025-10-22T06:41:41.900Z - Time taken for 'build-project-configs' 25.766339000001608ms
Time for 'build typescript dependencies' 0.026476999999431428
[NX v21.6.5 Daemon Server] - 2025-10-22T06:41:42.278Z - Wrote project graph cache to /Users/alexneacsu/Projects/GeniusERP/GeniusERP_V_5/.nx/workspace-data/project-graph.json
[NX v21.6.5 Daemon Server] - 2025-10-22T06:41:42.278Z - [SYNC]: collect registered sync generators
[NX v21.6.5 Daemon Server] - 2025-10-22T06:41:42.279Z - [SYNC]: project graph hash is the same, not collecting task sync generators
[NX v21.6.5 Daemon Server] - 2025-10-22T06:41:42.279Z - [SYNC]: nx.json hash is the same, not collecting global sync generators
[NX v21.6.5 Daemon Server] - 2025-10-22T06:41:42.279Z - Time taken for 'total execution time for createProjectGraph()' 112.07339599999978ms
[NX v21.6.5 Daemon Server] - 2025-10-22T06:50:12.787Z - [WATCHER]: Dockerfile.dev was modified
[NX v21.6.5 Daemon Server] - 2025-10-22T06:50:12.787Z - [WATCHER]: Processing file changes in outputs
[NX v21.6.5 Daemon Server] - 2025-10-22T06:50:12.989Z - [REQUEST]: Updated workspace context based on watched changes, recomputing project graph...
[NX v21.6.5 Daemon Server] - 2025-10-22T06:50:12.990Z - [REQUEST]: Dockerfile.dev
[NX v21.6.5 Daemon Server] - 2025-10-22T06:50:12.990Z - [REQUEST]: 
Time for 'nx/core/package-json:createNodes' 0.4629809999605641
[NX v21.6.5 Daemon Server] - 2025-10-22T06:50:13.107Z - Time taken for 'hash changed files from watcher' 1.6436680000042543ms
Time for 'nx/core/project-json:createNodes' 2.4615650000050664
Time for 'nx/js/dependencies-and-lockfile:createNodes' 17.32110499998089
[NX v21.6.5 Daemon Server] - 2025-10-22T06:50:13.158Z - Time taken for 'build-project-configs' 34.75217899994459ms
Time for 'build typescript dependencies' 0.03550999995786697
[NX v21.6.5 Daemon Server] - 2025-10-22T06:50:13.244Z - Wrote project graph cache to /Users/alexneacsu/Projects/GeniusERP/GeniusERP_V_5/.nx/workspace-data/project-graph.json
[NX v21.6.5 Daemon Server] - 2025-10-22T06:50:13.245Z - [SYNC]: collect registered sync generators
[NX v21.6.5 Daemon Server] - 2025-10-22T06:50:13.249Z - [SYNC]: project graph hash is the same, not collecting task sync generators
[NX v21.6.5 Daemon Server] - 2025-10-22T06:50:13.249Z - [SYNC]: nx.json hash is the same, not collecting global sync generators
[NX v21.6.5 Daemon Server] - 2025-10-22T06:50:13.249Z - Time taken for 'total execution time for createProjectGraph()' 79.16117500001565ms
[NX v21.6.5 Daemon Server] - 2025-10-22T06:50:21.534Z - [WATCHER]: Dockerfile.dev was modified
[NX v21.6.5 Daemon Server] - 2025-10-22T06:50:21.545Z - [WATCHER]: Processing file changes in outputs
[NX v21.6.5 Daemon Server] - 2025-10-22T06:50:21.937Z - [REQUEST]: Updated workspace context based on watched changes, recomputing project graph...
[NX v21.6.5 Daemon Server] - 2025-10-22T06:50:21.937Z - [REQUEST]: Dockerfile.dev
[NX v21.6.5 Daemon Server] - 2025-10-22T06:50:21.937Z - [REQUEST]: 
Time for 'nx/core/package-json:createNodes' 0.37623599998187274
Time for 'nx/core/project-json:createNodes' 1.14761800004635
[NX v21.6.5 Daemon Server] - 2025-10-22T06:50:22.126Z - Time taken for 'hash changed files from watcher' 0.9596810000948608ms
Time for 'nx/js/dependencies-and-lockfile:createNodes' 13.851917000021785
[NX v21.6.5 Daemon Server] - 2025-10-22T06:50:22.179Z - Time taken for 'build-project-configs' 50.506340000079945ms
Time for 'build typescript dependencies' 0.02808099996764213
[NX v21.6.5 Daemon Server] - 2025-10-22T06:50:22.329Z - Wrote project graph cache to /Users/alexneacsu/Projects/GeniusERP/GeniusERP_V_5/.nx/workspace-data/project-graph.json
[NX v21.6.5 Daemon Server] - 2025-10-22T06:50:22.329Z - [SYNC]: collect registered sync generators
[NX v21.6.5 Daemon Server] - 2025-10-22T06:50:22.329Z - [SYNC]: project graph hash is the same, not collecting task sync generators
[NX v21.6.5 Daemon Server] - 2025-10-22T06:50:22.329Z - [SYNC]: nx.json hash is the same, not collecting global sync generators
[NX v21.6.5 Daemon Server] - 2025-10-22T06:50:22.330Z - Time taken for 'total execution time for createProjectGraph()' 145.98758299998008ms
[NX v21.6.5 Daemon Server] - 2025-10-22T06:51:22.654Z - [WATCHER]: NX_MIGRATION_SUMMARY.md was modified
[NX v21.6.5 Daemon Server] - 2025-10-22T06:51:22.654Z - [WATCHER]: Processing file changes in outputs
[NX v21.6.5 Daemon Server] - 2025-10-22T06:51:23.456Z - [REQUEST]: Updated workspace context based on watched changes, recomputing project graph...
[NX v21.6.5 Daemon Server] - 2025-10-22T06:51:23.457Z - [REQUEST]: NX_MIGRATION_SUMMARY.md
[NX v21.6.5 Daemon Server] - 2025-10-22T06:51:23.457Z - [REQUEST]: 
Time for 'nx/core/package-json:createNodes' 0.40680500003509223
[NX v21.6.5 Daemon Server] - 2025-10-22T06:51:23.643Z - Time taken for 'hash changed files from watcher' 1.4681410000193864ms
Time for 'nx/core/project-json:createNodes' 1.4191470000660047
Time for 'nx/js/dependencies-and-lockfile:createNodes' 84.29130499996245
[NX v21.6.5 Daemon Server] - 2025-10-22T06:51:23.775Z - Time taken for 'build-project-configs' 119.354571999982ms
Time for 'build typescript dependencies' 0.029252999927848577
[NX v21.6.5 Daemon Server] - 2025-10-22T06:51:24.323Z - Wrote project graph cache to /Users/alexneacsu/Projects/GeniusERP/GeniusERP_V_5/.nx/workspace-data/project-graph.json
[NX v21.6.5 Daemon Server] - 2025-10-22T06:51:24.323Z - [SYNC]: collect registered sync generators
[NX v21.6.5 Daemon Server] - 2025-10-22T06:51:24.323Z - [SYNC]: project graph hash is the same, not collecting task sync generators
[NX v21.6.5 Daemon Server] - 2025-10-22T06:51:24.323Z - [SYNC]: nx.json hash is the same, not collecting global sync generators
[NX v21.6.5 Daemon Server] - 2025-10-22T06:51:24.324Z - Time taken for 'total execution time for createProjectGraph()' 376.6402830000734ms
[NX v21.6.5 Daemon Server] - 2025-10-22T06:51:30.576Z - [WATCHER]: NX_MIGRATION_SUMMARY.md was modified
[NX v21.6.5 Daemon Server] - 2025-10-22T06:51:30.576Z - [WATCHER]: Processing file changes in outputs
[NX v21.6.5 Daemon Server] - 2025-10-22T06:51:32.178Z - [REQUEST]: Updated workspace context based on watched changes, recomputing project graph...
[NX v21.6.5 Daemon Server] - 2025-10-22T06:51:32.178Z - [REQUEST]: NX_MIGRATION_SUMMARY.md
[NX v21.6.5 Daemon Server] - 2025-10-22T06:51:32.178Z - [REQUEST]: 
[NX v21.6.5 Daemon Server] - 2025-10-22T06:51:32.363Z - Time taken for 'hash changed files from watcher' 1.6573670000070706ms
Time for 'nx/core/package-json:createNodes' 0.5681880000047386
Time for 'nx/core/project-json:createNodes' 1.3047769999830052
Time for 'nx/js/dependencies-and-lockfile:createNodes' 139.51650999998674
[NX v21.6.5 Daemon Server] - 2025-10-22T06:51:32.771Z - Time taken for 'build-project-configs' 180.84078399999999ms
Time for 'build typescript dependencies' 0.03010800003539771
[NX v21.6.5 Daemon Server] - 2025-10-22T06:51:33.270Z - Wrote project graph cache to /Users/alexneacsu/Projects/GeniusERP/GeniusERP_V_5/.nx/workspace-data/project-graph.json
[NX v21.6.5 Daemon Server] - 2025-10-22T06:51:33.271Z - [SYNC]: collect registered sync generators
[NX v21.6.5 Daemon Server] - 2025-10-22T06:51:33.271Z - [SYNC]: project graph hash is the same, not collecting task sync generators
[NX v21.6.5 Daemon Server] - 2025-10-22T06:51:33.271Z - [SYNC]: nx.json hash is the same, not collecting global sync generators
[NX v21.6.5 Daemon Server] - 2025-10-22T06:51:33.271Z - Time taken for 'total execution time for createProjectGraph()' 558.721891000052ms
[NX v21.6.5 Daemon Server] - 2025-10-22T06:51:39.466Z - [WATCHER]: NX_MIGRATION_SUMMARY.md was modified
[NX v21.6.5 Daemon Server] - 2025-10-22T06:51:39.466Z - [WATCHER]: Processing file changes in outputs
[NX v21.6.5 Daemon Server] - 2025-10-22T06:51:42.667Z - [REQUEST]: Updated workspace context based on watched changes, recomputing project graph...
[NX v21.6.5 Daemon Server] - 2025-10-22T06:51:42.667Z - [REQUEST]: NX_MIGRATION_SUMMARY.md
[NX v21.6.5 Daemon Server] - 2025-10-22T06:51:42.667Z - [REQUEST]: 
Time for 'nx/core/package-json:createNodes' 0.518114999984391
[NX v21.6.5 Daemon Server] - 2025-10-22T06:51:42.701Z - Time taken for 'hash changed files from watcher' 1.137265000026673ms
Time for 'nx/core/project-json:createNodes' 2.3342410000041127
Time for 'nx/js/dependencies-and-lockfile:createNodes' 16.933130000019446
[NX v21.6.5 Daemon Server] - 2025-10-22T06:51:42.741Z - Time taken for 'build-project-configs' 28.638370000058785ms
Time for 'build typescript dependencies' 0.04146399989258498
[NX v21.6.5 Daemon Server] - 2025-10-22T06:51:42.815Z - Wrote project graph cache to /Users/alexneacsu/Projects/GeniusERP/GeniusERP_V_5/.nx/workspace-data/project-graph.json
[NX v21.6.5 Daemon Server] - 2025-10-22T06:51:42.815Z - [SYNC]: collect registered sync generators
[NX v21.6.5 Daemon Server] - 2025-10-22T06:51:42.816Z - [SYNC]: project graph hash is the same, not collecting task sync generators
[NX v21.6.5 Daemon Server] - 2025-10-22T06:51:42.816Z - [SYNC]: nx.json hash is the same, not collecting global sync generators
[NX v21.6.5 Daemon Server] - 2025-10-22T06:51:42.816Z - Time taken for 'total execution time for createProjectGraph()' 62.7670480000088ms
[NX v21.6.5 Daemon Server] - 2025-10-22T06:51:46.481Z - [WATCHER]: Processing file changes in outputs
[NX v21.6.5 Daemon Server] - 2025-10-22T06:51:46.483Z - [WATCHER]: NX_MIGRATION_SUMMARY.md was modified
[NX v21.6.5 Daemon Server] - 2025-10-22T06:51:52.887Z - [REQUEST]: Updated workspace context based on watched changes, recomputing project graph...
[NX v21.6.5 Daemon Server] - 2025-10-22T06:51:52.887Z - [REQUEST]: NX_MIGRATION_SUMMARY.md
[NX v21.6.5 Daemon Server] - 2025-10-22T06:51:52.887Z - [REQUEST]: 
Time for 'nx/core/package-json:createNodes' 0.47760800004471093
[NX v21.6.5 Daemon Server] - 2025-10-22T06:51:53.104Z - Time taken for 'hash changed files from watcher' 1.2115250000497326ms
Time for 'nx/core/project-json:createNodes' 1.1144360000034794
Time for 'nx/js/dependencies-and-lockfile:createNodes' 15.26894999993965
[NX v21.6.5 Daemon Server] - 2025-10-22T06:51:53.290Z - Time taken for 'build-project-configs' 169.87965299992356ms
Time for 'build typescript dependencies' 0.03980799997225404
[NX v21.6.5 Daemon Server] - 2025-10-22T06:51:54.181Z - Wrote project graph cache to /Users/alexneacsu/Projects/GeniusERP/GeniusERP_V_5/.nx/workspace-data/project-graph.json
[NX v21.6.5 Daemon Server] - 2025-10-22T06:51:54.182Z - [SYNC]: collect registered sync generators
[NX v21.6.5 Daemon Server] - 2025-10-22T06:51:54.183Z - [SYNC]: project graph hash is the same, not collecting task sync generators
[NX v21.6.5 Daemon Server] - 2025-10-22T06:51:54.183Z - [SYNC]: nx.json hash is the same, not collecting global sync generators
[NX v21.6.5 Daemon Server] - 2025-10-22T06:51:54.183Z - Time taken for 'total execution time for createProjectGraph()' 892.1222350000171ms
[NX v21.6.5 Daemon Server] - 2025-10-22T06:59:15.818Z - [WATCHER]: NX_MIGRATION_SUMMARY.md was modified
[NX v21.6.5 Daemon Server] - 2025-10-22T06:59:15.819Z - [WATCHER]: Processing file changes in outputs
[NX v21.6.5 Daemon Server] - 2025-10-22T06:59:20.161Z - [WATCHER]: NX_MIGRATION_SUMMARY.md was modified
[NX v21.6.5 Daemon Server] - 2025-10-22T06:59:20.161Z - [WATCHER]: Processing file changes in outputs
[NX v21.6.5 Daemon Server] - 2025-10-22T06:59:22.222Z - [REQUEST]: Updated workspace context based on watched changes, recomputing project graph...
[NX v21.6.5 Daemon Server] - 2025-10-22T06:59:22.222Z - [REQUEST]: NX_MIGRATION_SUMMARY.md
[NX v21.6.5 Daemon Server] - 2025-10-22T06:59:22.222Z - [REQUEST]: 
Time for 'nx/core/package-json:createNodes' 0.47560600005090237
[NX v21.6.5 Daemon Server] - 2025-10-22T06:59:22.420Z - Time taken for 'hash changed files from watcher' 1.6121189999394119ms
Time for 'nx/core/project-json:createNodes' 1.5211559999734163
Time for 'nx/js/dependencies-and-lockfile:createNodes' 12.636808999814093
[NX v21.6.5 Daemon Server] - 2025-10-22T06:59:22.454Z - Time taken for 'build-project-configs' 25.114369000075385ms
Time for 'build typescript dependencies' 0.030674999812617898
[NX v21.6.5 Daemon Server] - 2025-10-22T06:59:23.420Z - Wrote project graph cache to /Users/alexneacsu/Projects/GeniusERP/GeniusERP_V_5/.nx/workspace-data/project-graph.json
[NX v21.6.5 Daemon Server] - 2025-10-22T06:59:23.421Z - [SYNC]: collect registered sync generators
[NX v21.6.5 Daemon Server] - 2025-10-22T06:59:23.422Z - [SYNC]: project graph hash is the same, not collecting task sync generators
[NX v21.6.5 Daemon Server] - 2025-10-22T06:59:23.422Z - [SYNC]: nx.json hash is the same, not collecting global sync generators
[NX v21.6.5 Daemon Server] - 2025-10-22T06:59:23.422Z - Time taken for 'total execution time for createProjectGraph()' 862.763787999982ms
[NX v21.6.5 Daemon Server] - 2025-10-22T07:16:35.494Z - [WATCHER]: Dockerfile.dev was modified
[NX v21.6.5 Daemon Server] - 2025-10-22T07:16:35.505Z - [WATCHER]: Processing file changes in outputs
[NX v21.6.5 Daemon Server] - 2025-10-22T07:16:41.915Z - [REQUEST]: Updated workspace context based on watched changes, recomputing project graph...
[NX v21.6.5 Daemon Server] - 2025-10-22T07:16:41.915Z - [REQUEST]: Dockerfile.dev
[NX v21.6.5 Daemon Server] - 2025-10-22T07:16:41.916Z - [REQUEST]: 
[NX v21.6.5 Daemon Server] - 2025-10-22T07:16:42.148Z - Time taken for 'hash changed files from watcher' 3.7290189997293055ms
Time for 'nx/core/package-json:createNodes' 20.0003980002366
Time for 'nx/core/project-json:createNodes' 15.950117000378668
Time for 'nx/js/dependencies-and-lockfile:createNodes' 85.399846999906
[NX v21.6.5 Daemon Server] - 2025-10-22T07:16:43.903Z - Time taken for 'build-project-configs' 1038.3157890001312ms
Time for 'build typescript dependencies' 0.029526000376790762
[NX v21.6.5 Daemon Server] - 2025-10-22T07:16:45.902Z - Wrote project graph cache to /Users/alexneacsu/Projects/GeniusERP/GeniusERP_V_5/.nx/workspace-data/project-graph.json
[NX v21.6.5 Daemon Server] - 2025-10-22T07:16:45.902Z - [SYNC]: collect registered sync generators
[NX v21.6.5 Daemon Server] - 2025-10-22T07:16:45.903Z - [SYNC]: project graph hash is the same, not collecting task sync generators
[NX v21.6.5 Daemon Server] - 2025-10-22T07:16:45.904Z - [SYNC]: nx.json hash is the same, not collecting global sync generators
[NX v21.6.5 Daemon Server] - 2025-10-22T07:16:45.904Z - Time taken for 'total execution time for createProjectGraph()' 2355.637908999808ms
[NX v21.6.5 Daemon Server] - 2025-10-22T07:43:25.688Z - [WATCHER]: apps/api/src/main.ts was modified
[NX v21.6.5 Daemon Server] - 2025-10-22T07:43:25.705Z - [WATCHER]: Processing file changes in outputs
[NX v21.6.5 Daemon Server] - 2025-10-22T07:43:32.114Z - [REQUEST]: Updated workspace context based on watched changes, recomputing project graph...
[NX v21.6.5 Daemon Server] - 2025-10-22T07:43:32.115Z - [REQUEST]: apps/api/src/main.ts
[NX v21.6.5 Daemon Server] - 2025-10-22T07:43:32.115Z - [REQUEST]: 
[NX v21.6.5 Daemon Server] - 2025-10-22T07:43:32.411Z - Time taken for 'hash changed files from watcher' 5.437160999979824ms
Time for 'nx/core/package-json:createNodes' 16.18786900024861
Time for 'nx/core/project-json:createNodes' 12.276300000026822
Time for 'nx/js/dependencies-and-lockfile:createNodes' 651.4424430001527
[NX v21.6.5 Daemon Server] - 2025-10-22T07:43:33.876Z - Time taken for 'build-project-configs' 1063.4348220000975ms
[NX v21.6.5 Daemon Server] - 2025-10-22T07:43:33.884Z - [WATCHER]: apps/api/src/main.ts was modified
[NX v21.6.5 Daemon Server] - 2025-10-22T07:43:33.884Z - [WATCHER]: Processing file changes in outputs
Time for 'build typescript dependencies' 15.530324999708682
[NX v21.6.5 Daemon Server] - 2025-10-22T07:43:34.291Z - Wrote project graph cache to /Users/alexneacsu/Projects/GeniusERP/GeniusERP_V_5/.nx/workspace-data/project-graph.json
[NX v21.6.5 Daemon Server] - 2025-10-22T07:43:34.291Z - [SYNC]: collect registered sync generators
[NX v21.6.5 Daemon Server] - 2025-10-22T07:43:34.292Z - [SYNC]: project graph hash is the same, not collecting task sync generators
[NX v21.6.5 Daemon Server] - 2025-10-22T07:43:34.292Z - [SYNC]: nx.json hash is the same, not collecting global sync generators
[NX v21.6.5 Daemon Server] - 2025-10-22T07:43:34.292Z - Time taken for 'total execution time for createProjectGraph()' 530.5071060000919ms
[NX v21.6.5 Daemon Server] - 2025-10-22T07:43:40.287Z - [REQUEST]: Updated workspace context based on watched changes, recomputing project graph...
[NX v21.6.5 Daemon Server] - 2025-10-22T07:43:40.287Z - [REQUEST]: apps/api/src/main.ts
[NX v21.6.5 Daemon Server] - 2025-10-22T07:43:40.287Z - [REQUEST]: 
[NX v21.6.5 Daemon Server] - 2025-10-22T07:43:40.495Z - Time taken for 'hash changed files from watcher' 1.269611000083387ms
Time for 'nx/core/package-json:createNodes' 6.718123000115156
Time for 'nx/core/project-json:createNodes' 7.041151000186801
Time for 'nx/js/dependencies-and-lockfile:createNodes' 274.67750500002876
[NX v21.6.5 Daemon Server] - 2025-10-22T07:43:40.813Z - Time taken for 'build-project-configs' 314.73698600009084ms
Time for 'build typescript dependencies' 6.277112999930978
[NX v21.6.5 Daemon Server] - 2025-10-22T07:43:41.356Z - Wrote project graph cache to /Users/alexneacsu/Projects/GeniusERP/GeniusERP_V_5/.nx/workspace-data/project-graph.json
[NX v21.6.5 Daemon Server] - 2025-10-22T07:43:41.356Z - [SYNC]: collect registered sync generators
[NX v21.6.5 Daemon Server] - 2025-10-22T07:43:41.356Z - [SYNC]: project graph hash is the same, not collecting task sync generators
[NX v21.6.5 Daemon Server] - 2025-10-22T07:43:41.357Z - [SYNC]: nx.json hash is the same, not collecting global sync generators
[NX v21.6.5 Daemon Server] - 2025-10-22T07:43:41.357Z - Time taken for 'total execution time for createProjectGraph()' 535.0509660001844ms
[NX v21.6.5 Daemon Server] - 2025-10-22T07:43:55.091Z - [WATCHER]: Dockerfile.dev was modified
[NX v21.6.5 Daemon Server] - 2025-10-22T07:43:55.098Z - [WATCHER]: Processing file changes in outputs
[NX v21.6.5 Daemon Server] - 2025-10-22T07:44:01.500Z - [REQUEST]: Updated workspace context based on watched changes, recomputing project graph...
[NX v21.6.5 Daemon Server] - 2025-10-22T07:44:01.500Z - [REQUEST]: Dockerfile.dev
[NX v21.6.5 Daemon Server] - 2025-10-22T07:44:01.504Z - [REQUEST]: 
[NX v21.6.5 Daemon Server] - 2025-10-22T07:44:01.655Z - Time taken for 'hash changed files from watcher' 2.5527439997531474ms
Time for 'nx/core/package-json:createNodes' 16.77067800005898
Time for 'nx/core/project-json:createNodes' 19.608441000338644
Time for 'nx/js/dependencies-and-lockfile:createNodes' 73.96499400027096
[NX v21.6.5 Daemon Server] - 2025-10-22T07:44:02.093Z - Time taken for 'build-project-configs' 343.5238899998367ms
Time for 'build typescript dependencies' 0.11235899990424514
[NX v21.6.5 Daemon Server] - 2025-10-22T07:44:02.659Z - Wrote project graph cache to /Users/alexneacsu/Projects/GeniusERP/GeniusERP_V_5/.nx/workspace-data/project-graph.json
[NX v21.6.5 Daemon Server] - 2025-10-22T07:44:02.659Z - [SYNC]: collect registered sync generators
[NX v21.6.5 Daemon Server] - 2025-10-22T07:44:02.660Z - [SYNC]: project graph hash is the same, not collecting task sync generators
[NX v21.6.5 Daemon Server] - 2025-10-22T07:44:02.660Z - [SYNC]: nx.json hash is the same, not collecting global sync generators
[NX v21.6.5 Daemon Server] - 2025-10-22T07:44:02.660Z - Time taken for 'total execution time for createProjectGraph()' 487.4021700001322ms
